<?xml version="1.0" encoding="UTF-8"?>
<!-- Generated by org.testng.reporters.JUnitXMLReporter -->
<testsuite hostname="DESKTOP-FT1K8MN" failures="0" tests="10" name="Test" time="99.46" errors="0" timestamp="24 Sep 2021 12:24:35 GMT">
  <testcase classname="Tests.TestCasesDay1" name="TC01" time="12.661"/>
  <testcase classname="Tests.TestCasesDay1" name="TC02" time="13.855"/>
  <testcase classname="Tests.TestCasesDay1" name="TC03" time="10.579"/>
  <testcase classname="Tests.TestCasesDay2" name="TC04" time="12.399"/>
  <testcase classname="Tests.TestCasesDay2" name="TC05" time="10.275"/>
  <testcase classname="Tests.TestCasesDay2" name="TC06" time="6.515"/>
  <testcase classname="Tests.TestCasesDay3" name="TC07" time="9.458"/>
  <testcase classname="Tests.TestCasesDay3" name="TC08" time="5.881"/>
  <testcase classname="Tests.TestCasesDay3" name="TC09" time="7.639"/>
  <testcase classname="Tests.TestCasesDay3" name="TC10" time="10.162"/>
</testsuite> <!-- Test -->
